  [1m[35m (3.5ms)[0m  [1m[35mCREATE DATABASE "polls_app_development" ENCODING = 'unicode'[0m
  [1m[35m (0.6ms)[0m  [1m[35mCREATE DATABASE "polls_app_test" ENCODING = 'unicode'[0m
  [1m[36mActiveRecord::SchemaMigration Pluck (1.3ms)[0m  [1m[34mSELECT "schema_migrations"."version" FROM "schema_migrations" ORDER BY "schema_migrations"."version" ASC[0m
  [1m[36mActiveRecord::InternalMetadata Pluck (26.4ms)[0m  [1m[34mSELECT "ar_internal_metadata"."value" FROM "ar_internal_metadata" WHERE "ar_internal_metadata"."key" = $1 LIMIT $2[0m  [["key", "environment"], ["LIMIT", 1]]
  [1m[35m (0.7ms)[0m  [1m[34mSELECT pg_try_advisory_lock(4042686100896465855)[0m
  [1m[36mActiveRecord::SchemaMigration Pluck (1.2ms)[0m  [1m[34mSELECT "schema_migrations"."version" FROM "schema_migrations" ORDER BY "schema_migrations"."version" ASC[0m
Migrating to CreateUsers (20230501210849)
  [1m[36mTRANSACTION (1.4ms)[0m  [1m[35mBEGIN[0m
  [1m[35m (9.4ms)[0m  [1m[35mCREATE TABLE "users" ("id" bigserial primary key, "author_id" bigint NOT NULL, "title" character varying NOT NULL, "created_at" timestamp(6) NOT NULL, "updated_at" timestamp(6) NOT NULL, CONSTRAINT "fk_rails_9ac60fc016"
FOREIGN KEY ("author_id")
  REFERENCES "users" ("id")
)[0m
  [1m[35m (2.4ms)[0m  [1m[35mCREATE INDEX "index_users_on_author_id" ON "users" ("author_id")[0m
  [1m[36mActiveRecord::SchemaMigration Create (1.3ms)[0m  [1m[32mINSERT INTO "schema_migrations" ("version") VALUES ($1) RETURNING "version"[0m  [["version", "20230501210849"]]
  [1m[36mTRANSACTION (1.3ms)[0m  [1m[35mCOMMIT[0m
Migrating to CreatePolls (20230501210856)
  [1m[36mTRANSACTION (1.0ms)[0m  [1m[35mBEGIN[0m
  [1m[35m (17.6ms)[0m  [1m[35mCREATE TABLE "polls" ("id" bigserial primary key, "author_id" bigint NOT NULL, "title" character varying NOT NULL, "created_at" timestamp(6) NOT NULL, "updated_at" timestamp(6) NOT NULL, CONSTRAINT "fk_rails_0bfc525c5b"
FOREIGN KEY ("author_id")
  REFERENCES "users" ("id")
)[0m
  [1m[35m (1.2ms)[0m  [1m[35mCREATE INDEX "index_polls_on_author_id" ON "polls" ("author_id")[0m
  [1m[36mActiveRecord::SchemaMigration Create (0.5ms)[0m  [1m[32mINSERT INTO "schema_migrations" ("version") VALUES ($1) RETURNING "version"[0m  [["version", "20230501210856"]]
  [1m[36mTRANSACTION (0.7ms)[0m  [1m[35mCOMMIT[0m
Migrating to CreateQuestions (20230501210902)
  [1m[36mTRANSACTION (0.6ms)[0m  [1m[35mBEGIN[0m
  [1m[35m (5.9ms)[0m  [1m[35mCREATE TABLE "questions" ("id" bigserial primary key, "poll_id" bigint NOT NULL, "text" text NOT NULL, "created_at" timestamp(6) NOT NULL, "updated_at" timestamp(6) NOT NULL, CONSTRAINT "fk_rails_6c530c0079"
FOREIGN KEY ("poll_id")
  REFERENCES "polls" ("id")
)[0m
  [1m[35m (1.4ms)[0m  [1m[35mCREATE INDEX "index_questions_on_poll_id" ON "questions" ("poll_id")[0m
  [1m[36mActiveRecord::SchemaMigration Create (0.6ms)[0m  [1m[32mINSERT INTO "schema_migrations" ("version") VALUES ($1) RETURNING "version"[0m  [["version", "20230501210902"]]
  [1m[36mTRANSACTION (0.8ms)[0m  [1m[35mCOMMIT[0m
Migrating to CreateAnswerChoices (20230501210911)
  [1m[36mTRANSACTION (0.9ms)[0m  [1m[35mBEGIN[0m
  [1m[35m (28.3ms)[0m  [1m[35mCREATE TABLE "answer_choices" ("id" bigserial primary key, "question_id" bigint NOT NULL, "text" text NOT NULL, "created_at" timestamp(6) NOT NULL, "updated_at" timestamp(6) NOT NULL, CONSTRAINT "fk_rails_07edaa26da"
FOREIGN KEY ("question_id")
  REFERENCES "questions" ("id")
)[0m
  [1m[35m (1.6ms)[0m  [1m[35mCREATE INDEX "index_answer_choices_on_question_id" ON "answer_choices" ("question_id")[0m
  [1m[36mActiveRecord::SchemaMigration Create (0.6ms)[0m  [1m[32mINSERT INTO "schema_migrations" ("version") VALUES ($1) RETURNING "version"[0m  [["version", "20230501210911"]]
  [1m[36mTRANSACTION (0.7ms)[0m  [1m[35mCOMMIT[0m
Migrating to CreateResponses (20230501210920)
  [1m[36mTRANSACTION (1.0ms)[0m  [1m[35mBEGIN[0m
  [1m[35m (5.4ms)[0m  [1m[35mCREATE TABLE "responses" ("id" bigserial primary key, "answer_choice_id" bigint NOT NULL, "question_id" bigint NOT NULL, "created_at" timestamp(6) NOT NULL, "updated_at" timestamp(6) NOT NULL, CONSTRAINT "fk_rails_6c6c7309e0"
FOREIGN KEY ("answer_choice_id")
  REFERENCES "answer_choices" ("id")
, CONSTRAINT "fk_rails_325af149a3"
FOREIGN KEY ("question_id")
  REFERENCES "questions" ("id")
)[0m
  [1m[35m (13.4ms)[0m  [1m[35mCREATE INDEX "index_responses_on_answer_choice_id" ON "responses" ("answer_choice_id")[0m
  [1m[35m (1.7ms)[0m  [1m[35mCREATE INDEX "index_responses_on_question_id" ON "responses" ("question_id")[0m
  [1m[36mActiveRecord::SchemaMigration Create (0.5ms)[0m  [1m[32mINSERT INTO "schema_migrations" ("version") VALUES ($1) RETURNING "version"[0m  [["version", "20230501210920"]]
  [1m[36mTRANSACTION (0.7ms)[0m  [1m[35mCOMMIT[0m
  [1m[36mActiveRecord::InternalMetadata Load (0.6ms)[0m  [1m[34mSELECT "ar_internal_metadata".* FROM "ar_internal_metadata" WHERE "ar_internal_metadata"."key" = $1 LIMIT $2[0m  [["key", "environment"], ["LIMIT", 1]]
  [1m[36mTRANSACTION (8.3ms)[0m  [1m[35mBEGIN[0m
  [1m[36mActiveRecord::InternalMetadata Create (0.9ms)[0m  [1m[32mINSERT INTO "ar_internal_metadata" ("key", "value", "created_at", "updated_at") VALUES ($1, $2, $3, $4) RETURNING "key"[0m  [["key", "environment"], ["value", "development"], ["created_at", "2023-05-01 21:12:42.745038"], ["updated_at", "2023-05-01 21:12:42.745038"]]
  [1m[36mTRANSACTION (4.8ms)[0m  [1m[35mCOMMIT[0m
  [1m[35m (0.4ms)[0m  [1m[34mSELECT pg_advisory_unlock(4042686100896465855)[0m
  [1m[36mActiveRecord::SchemaMigration Pluck (1.1ms)[0m  [1m[34mSELECT "schema_migrations"."version" FROM "schema_migrations" ORDER BY "schema_migrations"."version" ASC[0m
  [1m[36mActiveRecord::SchemaMigration Pluck (0.7ms)[0m  [1m[34mSELECT "schema_migrations"."version" FROM "schema_migrations" ORDER BY "schema_migrations"."version" ASC[0m
  [1m[35m (0.4ms)[0m  [1m[34mSELECT pg_try_advisory_lock(4042686100896465855)[0m
  [1m[36mActiveRecord::SchemaMigration Pluck (1.9ms)[0m  [1m[34mSELECT "schema_migrations"."version" FROM "schema_migrations" ORDER BY "schema_migrations"."version" ASC[0m
Migrating to FixUsersTable (20230501211419)
  [1m[36mTRANSACTION (15.1ms)[0m  [1m[35mBEGIN[0m
  [1m[35m (3.7ms)[0m  [1m[35mALTER TABLE "users" DROP COLUMN "author_id"[0m
  [1m[35m (1.2ms)[0m  [1m[35mALTER TABLE "users" DROP COLUMN "title"[0m
  [1m[36mTRANSACTION (0.4ms)[0m  [1m[31mROLLBACK[0m
  [1m[35m (0.5ms)[0m  [1m[34mSELECT pg_advisory_unlock(4042686100896465855)[0m
  [1m[35m (0.5ms)[0m  [1m[34mSELECT pg_try_advisory_lock(4042686100896465855)[0m
  [1m[36mActiveRecord::SchemaMigration Pluck (1.2ms)[0m  [1m[34mSELECT "schema_migrations"."version" FROM "schema_migrations" ORDER BY "schema_migrations"."version" ASC[0m
Migrating to FixUsersTable (20230501211419)
  [1m[36mTRANSACTION (0.4ms)[0m  [1m[35mBEGIN[0m
  [1m[35m (26.7ms)[0m  [1m[35mALTER TABLE "users" DROP COLUMN "author_id"[0m
  [1m[35m (2.0ms)[0m  [1m[35mALTER TABLE "users" DROP COLUMN "title"[0m
  [1m[35m (1.5ms)[0m  [1m[35mALTER TABLE "users" ADD "username" character varying NOT NULL[0m
  [1m[35m (2.1ms)[0m  [1m[35mCREATE INDEX "index_users_on_username" ON "users" ("username")[0m
  [1m[36mActiveRecord::SchemaMigration Create (23.1ms)[0m  [1m[32mINSERT INTO "schema_migrations" ("version") VALUES ($1) RETURNING "version"[0m  [["version", "20230501211419"]]
  [1m[36mTRANSACTION (2.8ms)[0m  [1m[35mCOMMIT[0m
  [1m[36mActiveRecord::InternalMetadata Load (0.7ms)[0m  [1m[34mSELECT "ar_internal_metadata".* FROM "ar_internal_metadata" WHERE "ar_internal_metadata"."key" = $1 LIMIT $2[0m  [["key", "environment"], ["LIMIT", 1]]
  [1m[35m (20.5ms)[0m  [1m[34mSELECT pg_advisory_unlock(4042686100896465855)[0m
  [1m[36mActiveRecord::SchemaMigration Pluck (1.8ms)[0m  [1m[34mSELECT "schema_migrations"."version" FROM "schema_migrations" ORDER BY "schema_migrations"."version" ASC[0m
  [1m[36mActiveRecord::SchemaMigration Pluck (1.2ms)[0m  [1m[34mSELECT "schema_migrations"."version" FROM "schema_migrations" ORDER BY "schema_migrations"."version" ASC[0m
  [1m[35m (0.3ms)[0m  [1m[34mSELECT pg_try_advisory_lock(4042686100896465855)[0m
  [1m[36mActiveRecord::SchemaMigration Pluck (1.2ms)[0m  [1m[34mSELECT "schema_migrations"."version" FROM "schema_migrations" ORDER BY "schema_migrations"."version" ASC[0m
Migrating to AddForeignKeyToResponse (20230501212015)
  [1m[35m (20.4ms)[0m  [1m[34mSELECT pg_advisory_unlock(4042686100896465855)[0m
  [1m[35m (0.6ms)[0m  [1m[34mSELECT pg_try_advisory_lock(4042686100896465855)[0m
  [1m[36mActiveRecord::SchemaMigration Pluck (1.2ms)[0m  [1m[34mSELECT "schema_migrations"."version" FROM "schema_migrations" ORDER BY "schema_migrations"."version" ASC[0m
Migrating to AddForeignKeyToResponse (20230501212015)
  [1m[36mTRANSACTION (0.3ms)[0m  [1m[35mBEGIN[0m
  [1m[35m (128.8ms)[0m  [1m[35mALTER TABLE "responses" ADD CONSTRAINT "fk_rails_2bd9a0753e"
FOREIGN KEY ("user_id")
  REFERENCES "users" ("id")
[0m
  [1m[36mTRANSACTION (0.1ms)[0m  [1m[31mROLLBACK[0m
  [1m[35m (0.3ms)[0m  [1m[34mSELECT pg_advisory_unlock(4042686100896465855)[0m
  [1m[35m (0.5ms)[0m  [1m[34mSELECT pg_try_advisory_lock(4042686100896465855)[0m
  [1m[36mActiveRecord::SchemaMigration Pluck (20.3ms)[0m  [1m[34mSELECT "schema_migrations"."version" FROM "schema_migrations" ORDER BY "schema_migrations"."version" ASC[0m
Migrating to AddForeignKeyToResponse (20230501212015)
  [1m[36mTRANSACTION (0.6ms)[0m  [1m[35mBEGIN[0m
  [1m[35m (2.1ms)[0m  [1m[35mALTER TABLE "responses" ADD CONSTRAINT "fk_rails_79daa9bb2b"
FOREIGN KEY ("respondent_id")
  REFERENCES "users" ("id")
[0m
  [1m[36mTRANSACTION (0.3ms)[0m  [1m[31mROLLBACK[0m
  [1m[35m (0.8ms)[0m  [1m[34mSELECT pg_advisory_unlock(4042686100896465855)[0m
  [1m[35m (0.4ms)[0m  [1m[34mSELECT pg_try_advisory_lock(4042686100896465855)[0m
  [1m[36mActiveRecord::SchemaMigration Pluck (0.8ms)[0m  [1m[34mSELECT "schema_migrations"."version" FROM "schema_migrations" ORDER BY "schema_migrations"."version" ASC[0m
Migrating to AddForeignKeyToResponse (20230501212015)
  [1m[36mTRANSACTION (6.3ms)[0m  [1m[35mBEGIN[0m
  [1m[35m (1.4ms)[0m  [1m[35mALTER TABLE "responses" ADD "users_id" bigint[0m
  [1m[35m (3.1ms)[0m  [1m[35mCREATE INDEX "index_responses_on_users_id" ON "responses" ("users_id")[0m
  [1m[35m (4.0ms)[0m  [1m[35mALTER TABLE "responses" ADD CONSTRAINT "fk_rails_79daa9bb2b"
FOREIGN KEY ("respondent_id")
  REFERENCES "users" ("id")
[0m
  [1m[36mTRANSACTION (0.3ms)[0m  [1m[31mROLLBACK[0m
  [1m[35m (0.4ms)[0m  [1m[34mSELECT pg_advisory_unlock(4042686100896465855)[0m
  [1m[35m (0.4ms)[0m  [1m[34mSELECT pg_try_advisory_lock(4042686100896465855)[0m
  [1m[36mActiveRecord::SchemaMigration Pluck (0.9ms)[0m  [1m[34mSELECT "schema_migrations"."version" FROM "schema_migrations" ORDER BY "schema_migrations"."version" ASC[0m
Migrating to AddForeignKeyToResponse (20230501212015)
  [1m[36mTRANSACTION (0.3ms)[0m  [1m[35mBEGIN[0m
  [1m[35m (1.3ms)[0m  [1m[35mALTER TABLE "responses" ADD "respondent_id" bigint NOT NULL[0m
  [1m[35m (7.2ms)[0m  [1m[35mALTER TABLE "responses" ADD CONSTRAINT "fk_rails_79daa9bb2b"
FOREIGN KEY ("respondent_id")
  REFERENCES "users" ("id")
[0m
  [1m[35m (2.3ms)[0m  [1m[35mCREATE INDEX "index_responses_on_respondent_id" ON "responses" ("respondent_id")[0m
  [1m[36mActiveRecord::SchemaMigration Create (6.9ms)[0m  [1m[32mINSERT INTO "schema_migrations" ("version") VALUES ($1) RETURNING "version"[0m  [["version", "20230501212015"]]
  [1m[36mTRANSACTION (0.9ms)[0m  [1m[35mCOMMIT[0m
  [1m[36mActiveRecord::InternalMetadata Load (0.4ms)[0m  [1m[34mSELECT "ar_internal_metadata".* FROM "ar_internal_metadata" WHERE "ar_internal_metadata"."key" = $1 LIMIT $2[0m  [["key", "environment"], ["LIMIT", 1]]
  [1m[35m (0.3ms)[0m  [1m[34mSELECT pg_advisory_unlock(4042686100896465855)[0m
  [1m[36mActiveRecord::SchemaMigration Pluck (0.6ms)[0m  [1m[34mSELECT "schema_migrations"."version" FROM "schema_migrations" ORDER BY "schema_migrations"."version" ASC[0m
  [1m[36mActiveRecord::SchemaMigration Pluck (1.2ms)[0m  [1m[34mSELECT "schema_migrations"."version" FROM "schema_migrations" ORDER BY "schema_migrations"."version" ASC[0m
